<?xml version="1.0" encoding="UTF-8"?>
<robot generator="Robot 3.1.2 (Python 3.8.1 on win32)" generated="20201111 16:12:40.960" rpa="false">
<suite id="s1" name="Greplogxmlericsson" source="C:\Users\james\RobotAutomation\TestCases\greplogxmlericsson.robot">
<test id="s1-t1" name="Create File Grep Log">
<kw name="Create File" library="OperatingSystem">
<doc>Creates a file with the given content and encoding.</doc>
<arguments>
<arg>C:\\Users\\james\\RobotAutomation\\TestCases/testxmlericsson.txt</arg>
</arguments>
<msg timestamp="20201111 16:12:41.336" level="INFO" html="yes">Created file '&lt;a href="file://C:\Users\james\RobotAutomation\TestCases\testxmlericsson.txt"&gt;C:\Users\james\RobotAutomation\TestCases\testxmlericsson.txt&lt;/a&gt;'.</msg>
<status status="PASS" starttime="20201111 16:12:41.335" endtime="20201111 16:12:41.337"></status>
</kw>
<kw name="Grep File" library="OperatingSystem">
<doc>Returns the lines of the specified file that match the ``pattern``.</doc>
<arguments>
<arg>C:/Users/james/downloadfromFileZilla/bfkt/HOST02_pmresult_13653022_30_202009150930_202009151000.xml</arg>
<arg>VNFP</arg>
</arguments>
<assign>
<var>${response}</var>
</assign>
<msg timestamp="20201111 16:12:41.337" level="INFO" html="yes">Reading file '&lt;a href="file://C:\Users\james\downloadfromFileZilla\bfkt\HOST02_pmresult_13653022_30_202009150930_202009151000.xml"&gt;C:\Users\james\downloadfromFileZilla\bfkt\HOST02_pmresult_13653022_30_202009150930_202009151000.xml&lt;/a&gt;'.</msg>
<msg timestamp="20201111 16:12:41.341" level="INFO">190 out of 1404 lines matched</msg>
<msg timestamp="20201111 16:12:41.341" level="INFO">${response} = &lt;moid&gt;CAT-MTG08HWVPGWU01/VM:nodeName=VNFP, VM Name=IPU_B_0081&lt;/moid&gt;
&lt;moid&gt;CAT-MTG08HWVPGWU01/VM:nodeName=VNFP, VM Name=IPU_B_0080&lt;/moid&gt;
&lt;moid&gt;CAT-MTG08HWVPGWU01/VM:nodeName=VNFP, VM Name=SPU_I_0079&lt;...</msg>
<status status="PASS" starttime="20201111 16:12:41.337" endtime="20201111 16:12:41.341"></status>
</kw>
<kw name="Append To File" library="OperatingSystem">
<doc>Appends the given content to the specified file.</doc>
<arguments>
<arg>C:\\Users\\james\\RobotAutomation\\TestCases/testxmlericsson.txt</arg>
<arg>${response}</arg>
</arguments>
<msg timestamp="20201111 16:12:41.353" level="INFO" html="yes">Appended to file '&lt;a href="file://C:\Users\james\RobotAutomation\TestCases\testxmlericsson.txt"&gt;C:\Users\james\RobotAutomation\TestCases\testxmlericsson.txt&lt;/a&gt;'.</msg>
<status status="PASS" starttime="20201111 16:12:41.350" endtime="20201111 16:12:41.353"></status>
</kw>
<status status="PASS" starttime="20201111 16:12:41.334" endtime="20201111 16:12:41.353" critical="yes"></status>
</test>
<status status="PASS" starttime="20201111 16:12:40.964" endtime="20201111 16:12:41.356"></status>
</suite>
<statistics>
<total>
<stat pass="1" fail="0">Critical Tests</stat>
<stat pass="1" fail="0">All Tests</stat>
</total>
<tag>
</tag>
<suite>
<stat pass="1" fail="0" id="s1" name="Greplogxmlericsson">Greplogxmlericsson</stat>
</suite>
</statistics>
<errors>
</errors>
</robot>
