<?xml version="1.0" encoding="UTF-8"?>
<robot generator="Robot 3.1.2 (Python 3.8.1 on win32)" generated="20200928 16:42:38.300" rpa="false">
<suite id="s1" name="MouseOperations" source="C:\Users\james\RobotAutomation\TestCases\MouseOperations.robot">
<test id="s1-t1" name="1.เปิดเว็บไซต์">
<kw name="Open Browser" library="Selenium2Library">
<doc>Opens a new browser instance to the optional ``url``.</doc>
<arguments>
<arg>${url}</arg>
<arg>${Browser}</arg>
</arguments>
<msg timestamp="20200928 16:42:38.739" level="INFO">Opening browser 'chrome' to base url 'http://swisnl.github.io/jQuery-contextMenu/demo.html'.</msg>
<status status="PASS" starttime="20200928 16:42:38.734" endtime="20200928 16:42:45.065"></status>
</kw>
<kw name="Maximize Browser Window" library="Selenium2Library">
<doc>Maximizes current browser window.</doc>
<status status="PASS" starttime="20200928 16:42:45.066" endtime="20200928 16:42:47.300"></status>
</kw>
<kw name="Set Selenium Speed" library="Selenium2Library">
<doc>Sets the delay that is waited after each Selenium command.</doc>
<arguments>
<arg>0.7 seconds</arg>
</arguments>
<status status="PASS" starttime="20200928 16:42:47.300" endtime="20200928 16:42:47.301"></status>
</kw>
<status status="PASS" starttime="20200928 16:42:38.734" endtime="20200928 16:42:47.303" critical="yes"></status>
</test>
<test id="s1-t2" name="2.Mouse Actions / Right click">
<kw name="Open Context Menu" library="Selenium2Library">
<doc>Opens the context menu on the element identified by ``locator``.</doc>
<arguments>
<arg>xpath://html/body/div/section/div/div/div/p/span</arg>
</arguments>
<status status="PASS" starttime="20200928 16:42:47.303" endtime="20200928 16:42:49.060"></status>
</kw>
<kw name="Sleep" library="BuiltIn">
<doc>Pauses the test executed for the given time.</doc>
<arguments>
<arg>3</arg>
</arguments>
<msg timestamp="20200928 16:42:52.061" level="INFO">Slept 3 seconds</msg>
<status status="PASS" starttime="20200928 16:42:49.060" endtime="20200928 16:42:52.061"></status>
</kw>
<status status="PASS" starttime="20200928 16:42:47.303" endtime="20200928 16:42:52.062" critical="yes"></status>
</test>
<test id="s1-t3" name="3.Mouse Actions / Double click action">
<kw name="Go To" library="Selenium2Library">
<doc>Navigates the current browser window to the provided ``url``.</doc>
<arguments>
<arg>http://testautomationpractice.blogspot.com/</arg>
</arguments>
<msg timestamp="20200928 16:42:52.068" level="INFO">Opening url 'http://testautomationpractice.blogspot.com/'</msg>
<status status="PASS" starttime="20200928 16:42:52.067" endtime="20200928 16:42:56.151"></status>
</kw>
<kw name="Double Click Element" library="Selenium2Library">
<doc>Double clicks the element identified by ``locator``.</doc>
<arguments>
<arg>xpath://*[@id="HTML10"]/div[1]/button</arg>
</arguments>
<msg timestamp="20200928 16:42:56.151" level="INFO">Double clicking element 'xpath://*[@id="HTML10"]/div[1]/button'.</msg>
<status status="PASS" starttime="20200928 16:42:56.151" endtime="20200928 16:42:57.888"></status>
</kw>
<status status="PASS" starttime="20200928 16:42:52.063" endtime="20200928 16:42:57.888" critical="yes"></status>
</test>
<test id="s1-t4" name="4.Mouse Actions / Drag and Drop action">
<kw name="Go To" library="Selenium2Library">
<doc>Navigates the current browser window to the provided ``url``.</doc>
<arguments>
<arg>http://www.dhtmlgoodies.com/scripts/drag-drop-custom/demo-drag-drop-3.html</arg>
</arguments>
<msg timestamp="20200928 16:42:57.892" level="INFO">Opening url 'http://www.dhtmlgoodies.com/scripts/drag-drop-custom/demo-drag-drop-3.html'</msg>
<status status="PASS" starttime="20200928 16:42:57.891" endtime="20200928 16:43:00.353"></status>
</kw>
<kw name="Drag And Drop" library="Selenium2Library">
<doc>Drags the element identified by ``locator`` into the ``target`` element.</doc>
<arguments>
<arg>id:box4</arg>
<arg>id:box104</arg>
</arguments>
<status status="PASS" starttime="20200928 16:43:00.353" endtime="20200928 16:43:03.749"></status>
</kw>
<kw name="Drag And Drop" library="Selenium2Library">
<doc>Drags the element identified by ``locator`` into the ``target`` element.</doc>
<arguments>
<arg>id:box1</arg>
<arg>id:box101</arg>
</arguments>
<status status="PASS" starttime="20200928 16:43:03.749" endtime="20200928 16:43:06.546"></status>
</kw>
<kw name="Drag And Drop" library="Selenium2Library">
<doc>Drags the element identified by ``locator`` into the ``target`` element.</doc>
<arguments>
<arg>id:box6</arg>
<arg>id:box106</arg>
</arguments>
<status status="PASS" starttime="20200928 16:43:06.546" endtime="20200928 16:43:09.249"></status>
</kw>
<kw name="Drag And Drop" library="Selenium2Library">
<doc>Drags the element identified by ``locator`` into the ``target`` element.</doc>
<arguments>
<arg>id:box3</arg>
<arg>id:box103</arg>
</arguments>
<status status="PASS" starttime="20200928 16:43:09.250" endtime="20200928 16:43:16.739"></status>
</kw>
<kw name="Drag And Drop" library="Selenium2Library">
<doc>Drags the element identified by ``locator`` into the ``target`` element.</doc>
<arguments>
<arg>id:box5</arg>
<arg>id:box105</arg>
</arguments>
<status status="PASS" starttime="20200928 16:43:16.739" endtime="20200928 16:43:19.407"></status>
</kw>
<kw name="Drag And Drop" library="Selenium2Library">
<doc>Drags the element identified by ``locator`` into the ``target`` element.</doc>
<arguments>
<arg>id:box7</arg>
<arg>id:box107</arg>
</arguments>
<status status="PASS" starttime="20200928 16:43:19.407" endtime="20200928 16:43:22.107"></status>
</kw>
<kw name="Drag And Drop" library="Selenium2Library">
<doc>Drags the element identified by ``locator`` into the ``target`` element.</doc>
<arguments>
<arg>id:box2</arg>
<arg>id:box102</arg>
</arguments>
<status status="PASS" starttime="20200928 16:43:22.107" endtime="20200928 16:43:24.788"></status>
</kw>
<kw name="Sleep" library="BuiltIn">
<doc>Pauses the test executed for the given time.</doc>
<arguments>
<arg>7</arg>
</arguments>
<msg timestamp="20200928 16:43:31.791" level="INFO">Slept 7 seconds</msg>
<status status="PASS" starttime="20200928 16:43:24.789" endtime="20200928 16:43:31.791"></status>
</kw>
<kw name="Close Browser" library="Selenium2Library">
<doc>Closes the current browser.</doc>
<status status="PASS" starttime="20200928 16:43:31.791" endtime="20200928 16:43:35.847"></status>
</kw>
<status status="PASS" starttime="20200928 16:42:57.889" endtime="20200928 16:43:35.848" critical="yes"></status>
</test>
<status status="PASS" starttime="20200928 16:42:38.302" endtime="20200928 16:43:35.850"></status>
</suite>
<statistics>
<total>
<stat pass="4" fail="0">Critical Tests</stat>
<stat pass="4" fail="0">All Tests</stat>
</total>
<tag>
</tag>
<suite>
<stat pass="4" fail="0" id="s1" name="MouseOperations">MouseOperations</stat>
</suite>
</statistics>
<errors>
</errors>
</robot>
