<?xml version="1.0" encoding="UTF-8"?>
<robot generator="Rebot 3.1.2 (Python 3.8.1 on win32)" generated="20200927 15:44:15.111" rpa="false">
<suite id="s1" name="MouseOperations" source="C:\Users\james\RobotAutomation\TestCases\MouseOperations.robot">
<test id="s1-t1" name="1.เปิดเว็บไซต์">
<kw name="Open Browser" library="Selenium2Library">
<doc>Opens a new browser instance to the optional ``url``.</doc>
<arguments>
<arg>${url}</arg>
<arg>${Browser}</arg>
</arguments>
<msg timestamp="20200927 15:43:20.124" level="INFO">Opening browser 'chrome' to base url 'http://swisnl.github.io/jQuery-contextMenu/demo.html'.</msg>
<status status="PASS" starttime="20200927 15:43:20.123" endtime="20200927 15:43:27.462"></status>
</kw>
<kw name="Maximize Browser Window" library="Selenium2Library">
<doc>Maximizes current browser window.</doc>
<status status="PASS" starttime="20200927 15:43:27.462" endtime="20200927 15:43:29.899"></status>
</kw>
<kw name="Set Selenium Speed" library="Selenium2Library">
<doc>Sets the delay that is waited after each Selenium command.</doc>
<arguments>
<arg>0.7 seconds</arg>
</arguments>
<status status="PASS" starttime="20200927 15:43:29.899" endtime="20200927 15:43:29.902"></status>
</kw>
<status status="PASS" starttime="20200927 15:43:20.118" endtime="20200927 15:43:29.903" critical="yes"></status>
</test>
<test id="s1-t2" name="2.Mouse Actions / Right click">
<kw name="Open Context Menu" library="Selenium2Library">
<doc>Opens the context menu on the element identified by ``locator``.</doc>
<arguments>
<arg>xpath://html/body/div/section/div/div/div/p/span</arg>
</arguments>
<status status="PASS" starttime="20200927 15:43:29.912" endtime="20200927 15:43:31.825"></status>
</kw>
<kw name="Sleep" library="BuiltIn">
<doc>Pauses the test executed for the given time.</doc>
<arguments>
<arg>3</arg>
</arguments>
<msg timestamp="20200927 15:43:34.843" level="INFO">Slept 3 seconds</msg>
<status status="PASS" starttime="20200927 15:43:31.825" endtime="20200927 15:43:34.844"></status>
</kw>
<status status="PASS" starttime="20200927 15:43:29.909" endtime="20200927 15:43:34.845" critical="yes"></status>
</test>
<test id="s1-t3" name="3.Mouse Actions / Double click action">
<kw name="Go To" library="Selenium2Library">
<doc>Navigates the current browser window to the provided ``url``.</doc>
<arguments>
<arg>http://testautomationpractice.blogspot.com/</arg>
</arguments>
<msg timestamp="20200927 15:43:34.857" level="INFO">Opening url 'http://testautomationpractice.blogspot.com/'</msg>
<status status="PASS" starttime="20200927 15:43:34.857" endtime="20200927 15:43:39.429"></status>
</kw>
<kw name="Double Click Element" library="Selenium2Library">
<doc>Double clicks the element identified by ``locator``.</doc>
<arguments>
<arg>xpath://*[@id="HTML10"]/div[1]/button</arg>
</arguments>
<msg timestamp="20200927 15:43:39.430" level="INFO">Double clicking element 'xpath://*[@id="HTML10"]/div[1]/button'.</msg>
<status status="PASS" starttime="20200927 15:43:39.429" endtime="20200927 15:43:41.276"></status>
</kw>
<status status="PASS" starttime="20200927 15:43:34.846" endtime="20200927 15:43:41.276" critical="yes"></status>
</test>
<test id="s1-t4" name="4.Mouse Actions / Drag and Drop action">
<kw name="Go To" library="Selenium2Library">
<doc>Navigates the current browser window to the provided ``url``.</doc>
<arguments>
<arg>http://www.dhtmlgoodies.com/scripts/drag-drop-custom/demo-drag-drop-3.html</arg>
</arguments>
<msg timestamp="20200927 15:43:41.279" level="INFO">Opening url 'http://www.dhtmlgoodies.com/scripts/drag-drop-custom/demo-drag-drop-3.html'</msg>
<status status="PASS" starttime="20200927 15:43:41.278" endtime="20200927 15:43:44.042"></status>
</kw>
<kw name="Drag And Drop" library="Selenium2Library">
<doc>Drags the element identified by ``locator`` into the ``target`` element.</doc>
<arguments>
<arg>id:box4</arg>
<arg>id:box104</arg>
</arguments>
<status status="PASS" starttime="20200927 15:43:44.042" endtime="20200927 15:43:47.284"></status>
</kw>
<kw name="Drag And Drop" library="Selenium2Library">
<doc>Drags the element identified by ``locator`` into the ``target`` element.</doc>
<arguments>
<arg>id:box1</arg>
<arg>id:box101</arg>
</arguments>
<status status="PASS" starttime="20200927 15:43:47.284" endtime="20200927 15:43:50.074"></status>
</kw>
<kw name="Drag And Drop" library="Selenium2Library">
<doc>Drags the element identified by ``locator`` into the ``target`` element.</doc>
<arguments>
<arg>id:box6</arg>
<arg>id:box106</arg>
</arguments>
<status status="PASS" starttime="20200927 15:43:50.074" endtime="20200927 15:43:52.758"></status>
</kw>
<kw name="Drag And Drop" library="Selenium2Library">
<doc>Drags the element identified by ``locator`` into the ``target`` element.</doc>
<arguments>
<arg>id:box3</arg>
<arg>id:box103</arg>
</arguments>
<status status="PASS" starttime="20200927 15:43:52.758" endtime="20200927 15:43:55.446"></status>
</kw>
<kw name="Drag And Drop" library="Selenium2Library">
<doc>Drags the element identified by ``locator`` into the ``target`` element.</doc>
<arguments>
<arg>id:box5</arg>
<arg>id:box105</arg>
</arguments>
<status status="PASS" starttime="20200927 15:43:55.446" endtime="20200927 15:43:58.174"></status>
</kw>
<kw name="Drag And Drop" library="Selenium2Library">
<doc>Drags the element identified by ``locator`` into the ``target`` element.</doc>
<arguments>
<arg>id:box7</arg>
<arg>id:box107</arg>
</arguments>
<status status="PASS" starttime="20200927 15:43:58.174" endtime="20200927 15:44:00.858"></status>
</kw>
<kw name="Drag And Drop" library="Selenium2Library">
<doc>Drags the element identified by ``locator`` into the ``target`` element.</doc>
<arguments>
<arg>id:box2</arg>
<arg>id:box102</arg>
</arguments>
<status status="PASS" starttime="20200927 15:44:00.861" endtime="20200927 15:44:03.658"></status>
</kw>
<kw name="Sleep" library="BuiltIn">
<doc>Pauses the test executed for the given time.</doc>
<arguments>
<arg>7</arg>
</arguments>
<msg timestamp="20200927 15:44:10.673" level="INFO">Slept 7 seconds</msg>
<status status="PASS" starttime="20200927 15:44:03.658" endtime="20200927 15:44:10.673"></status>
</kw>
<kw name="Close Browser" library="Selenium2Library">
<doc>Closes the current browser.</doc>
<status status="PASS" starttime="20200927 15:44:10.674" endtime="20200927 15:44:14.786"></status>
</kw>
<status status="PASS" starttime="20200927 15:43:41.277" endtime="20200927 15:44:14.786" critical="yes"></status>
</test>
<doc>[https://pabot.org/?ref=log|Pabot] result from 1 executions.</doc>
<status status="PASS" starttime="20200927 15:43:18.751" endtime="20200927 15:44:14.788"></status>
</suite>
<statistics>
<total>
<stat pass="4" fail="0">Critical Tests</stat>
<stat pass="4" fail="0">All Tests</stat>
</total>
<tag>
</tag>
<suite>
<stat pass="4" fail="0" id="s1" name="MouseOperations">MouseOperations</stat>
</suite>
</statistics>
<errors>
</errors>
</robot>
