<?xml version="1.0" encoding="UTF-8"?>
<robot generator="Rebot 3.1.2 (Python 3.8.1 on win32)" generated="20200918 14:07:02.265" rpa="false">
<suite id="s1" name="MouseOperations" source="C:\Users\james\RobotAutomation\TestCases\MouseOperations.robot">
<test id="s1-t1" name="1.เปิดเว็บไซต์">
<kw name="Open Browser" library="Selenium2Library">
<doc>Opens a new browser instance to the optional ``url``.</doc>
<arguments>
<arg>${url}</arg>
<arg>${Browser}</arg>
</arguments>
<msg timestamp="20200918 14:05:52.559" level="INFO">Opening browser 'chrome' to base url 'http://swisnl.github.io/jQuery-contextMenu/demo.html'.</msg>
<status status="PASS" starttime="20200918 14:05:52.558" endtime="20200918 14:06:00.375"></status>
</kw>
<kw name="Maximize Browser Window" library="Selenium2Library">
<doc>Maximizes current browser window.</doc>
<status status="PASS" starttime="20200918 14:06:00.376" endtime="20200918 14:06:02.655"></status>
</kw>
<kw name="Set Selenium Speed" library="Selenium2Library">
<doc>Sets the delay that is waited after each Selenium command.</doc>
<arguments>
<arg>0.7 seconds</arg>
</arguments>
<status status="PASS" starttime="20200918 14:06:02.655" endtime="20200918 14:06:02.656"></status>
</kw>
<status status="PASS" starttime="20200918 14:05:52.556" endtime="20200918 14:06:02.656" critical="yes"></status>
</test>
<test id="s1-t2" name="2.Mouse Actions / Right click">
<kw name="Open Context Menu" library="Selenium2Library">
<doc>Opens the context menu on the element identified by ``locator``.</doc>
<arguments>
<arg>xpath://html/body/div/section/div/div/div/p/span</arg>
</arguments>
<status status="PASS" starttime="20200918 14:06:02.666" endtime="20200918 14:06:04.424"></status>
</kw>
<kw name="Sleep" library="BuiltIn">
<doc>Pauses the test executed for the given time.</doc>
<arguments>
<arg>3</arg>
</arguments>
<msg timestamp="20200918 14:06:07.426" level="INFO">Slept 3 seconds</msg>
<status status="PASS" starttime="20200918 14:06:04.424" endtime="20200918 14:06:07.426"></status>
</kw>
<status status="PASS" starttime="20200918 14:06:02.663" endtime="20200918 14:06:07.426" critical="yes"></status>
</test>
<test id="s1-t3" name="3.Mouse Actions / Double click action">
<kw name="Go To" library="Selenium2Library">
<doc>Navigates the current browser window to the provided ``url``.</doc>
<arguments>
<arg>http://testautomationpractice.blogspot.com/</arg>
</arguments>
<msg timestamp="20200918 14:06:07.429" level="INFO">Opening url 'http://testautomationpractice.blogspot.com/'</msg>
<status status="PASS" starttime="20200918 14:06:07.429" endtime="20200918 14:06:11.970"></status>
</kw>
<kw name="Double Click Element" library="Selenium2Library">
<doc>Double clicks the element identified by ``locator``.</doc>
<arguments>
<arg>xpath://*[@id="HTML10"]/div[1]/button</arg>
</arguments>
<msg timestamp="20200918 14:06:11.971" level="INFO">Double clicking element 'xpath://*[@id="HTML10"]/div[1]/button'.</msg>
<status status="PASS" starttime="20200918 14:06:11.970" endtime="20200918 14:06:13.680"></status>
</kw>
<status status="PASS" starttime="20200918 14:06:07.427" endtime="20200918 14:06:13.680" critical="yes"></status>
</test>
<test id="s1-t4" name="4.Mouse Actions / Drag and Drop action">
<kw name="Go To" library="Selenium2Library">
<doc>Navigates the current browser window to the provided ``url``.</doc>
<arguments>
<arg>http://www.dhtmlgoodies.com/scripts/drag-drop-custom/demo-drag-drop-3.html</arg>
</arguments>
<msg timestamp="20200918 14:06:13.683" level="INFO">Opening url 'http://www.dhtmlgoodies.com/scripts/drag-drop-custom/demo-drag-drop-3.html'</msg>
<status status="PASS" starttime="20200918 14:06:13.682" endtime="20200918 14:06:16.403"></status>
</kw>
<kw name="Drag And Drop" library="Selenium2Library">
<doc>Drags the element identified by ``locator`` into the ``target`` element.</doc>
<arguments>
<arg>id:box4</arg>
<arg>id:box104</arg>
</arguments>
<status status="PASS" starttime="20200918 14:06:16.403" endtime="20200918 14:06:19.383"></status>
</kw>
<kw name="Drag And Drop" library="Selenium2Library">
<doc>Drags the element identified by ``locator`` into the ``target`` element.</doc>
<arguments>
<arg>id:box1</arg>
<arg>id:box101</arg>
</arguments>
<status status="PASS" starttime="20200918 14:06:19.383" endtime="20200918 14:06:22.062"></status>
</kw>
<kw name="Drag And Drop" library="Selenium2Library">
<doc>Drags the element identified by ``locator`` into the ``target`` element.</doc>
<arguments>
<arg>id:box6</arg>
<arg>id:box106</arg>
</arguments>
<status status="PASS" starttime="20200918 14:06:22.063" endtime="20200918 14:06:29.740"></status>
</kw>
<kw name="Drag And Drop" library="Selenium2Library">
<doc>Drags the element identified by ``locator`` into the ``target`` element.</doc>
<arguments>
<arg>id:box3</arg>
<arg>id:box103</arg>
</arguments>
<status status="PASS" starttime="20200918 14:06:29.740" endtime="20200918 14:06:35.248"></status>
</kw>
<kw name="Drag And Drop" library="Selenium2Library">
<doc>Drags the element identified by ``locator`` into the ``target`` element.</doc>
<arguments>
<arg>id:box5</arg>
<arg>id:box105</arg>
</arguments>
<status status="PASS" starttime="20200918 14:06:35.248" endtime="20200918 14:06:37.924"></status>
</kw>
<kw name="Drag And Drop" library="Selenium2Library">
<doc>Drags the element identified by ``locator`` into the ``target`` element.</doc>
<arguments>
<arg>id:box7</arg>
<arg>id:box107</arg>
</arguments>
<status status="PASS" starttime="20200918 14:06:37.924" endtime="20200918 14:06:48.301"></status>
</kw>
<kw name="Drag And Drop" library="Selenium2Library">
<doc>Drags the element identified by ``locator`` into the ``target`` element.</doc>
<arguments>
<arg>id:box2</arg>
<arg>id:box102</arg>
</arguments>
<status status="PASS" starttime="20200918 14:06:48.301" endtime="20200918 14:06:50.956"></status>
</kw>
<kw name="Sleep" library="BuiltIn">
<doc>Pauses the test executed for the given time.</doc>
<arguments>
<arg>7</arg>
</arguments>
<msg timestamp="20200918 14:06:57.958" level="INFO">Slept 7 seconds</msg>
<status status="PASS" starttime="20200918 14:06:50.956" endtime="20200918 14:06:57.958"></status>
</kw>
<kw name="Close Browser" library="Selenium2Library">
<doc>Closes the current browser.</doc>
<status status="PASS" starttime="20200918 14:06:57.958" endtime="20200918 14:07:01.802"></status>
</kw>
<status status="PASS" starttime="20200918 14:06:13.681" endtime="20200918 14:07:01.802" critical="yes"></status>
</test>
<doc>[https://pabot.org/?ref=log|Pabot] result from 1 executions.</doc>
<status status="PASS" starttime="20200918 14:05:51.931" endtime="20200918 14:07:01.803"></status>
</suite>
<statistics>
<total>
<stat pass="4" fail="0">Critical Tests</stat>
<stat pass="4" fail="0">All Tests</stat>
</total>
<tag>
</tag>
<suite>
<stat pass="4" fail="0" id="s1" name="MouseOperations">MouseOperations</stat>
</suite>
</statistics>
<errors>
</errors>
</robot>
